<?xml version="1.0" encoding="UTF-8"?>
<testng-results skipped="0" failed="0" total="1" passed="1">
  <reporter-output>
  </reporter-output>
  <suite name="Default suite" duration-ms="19725" started-at="2022-08-22T07:39:40Z" finished-at="2022-08-22T07:39:59Z">
    <groups>
    </groups>
    <test name="Default test" duration-ms="19725" started-at="2022-08-22T07:39:40Z" finished-at="2022-08-22T07:39:59Z">
      <class name="test.TestRegistrationPage">
        <test-method status="PASS" signature="setup()[pri:0, instance:test.TestRegistrationPage@3ec300f1]" name="setup" is-config="true" duration-ms="6487" started-at="2022-08-22T13:09:40Z" finished-at="2022-08-22T13:09:46Z">
          <reporter-output>
          </reporter-output>
        </test-method> <!-- setup -->
        <test-method status="PASS" signature="test_Registeration()[pri:0, instance:test.TestRegistrationPage@3ec300f1]" name="test_Registeration" duration-ms="13220" started-at="2022-08-22T13:09:46Z" finished-at="2022-08-22T13:09:59Z">
          <reporter-output>
          </reporter-output>
        </test-method> <!-- test_Registeration -->
      </class> <!-- test.TestRegistrationPage -->
    </test> <!-- Default test -->
  </suite> <!-- Default suite -->
</testng-results>
